#
# A fatal error has been detected by the Java Runtime Environment:
#
#  EXCEPTION_ACCESS_VIOLATION (0xc0000005) at pc=0x0000000018414a14, pid=9236, tid=10548
#
# JRE version: 7.0_11-b21
# Java VM: Java HotSpot(TM) 64-Bit Server VM (23.6-b04 mixed mode windows-amd64 compressed oops)
# Problematic frame:
# C  0x0000000018414a14
#
# Failed to write core dump. Minidumps are not enabled by default on client versions of Windows
#
# If you would like to submit a bug report, please visit:
#   http://bugreport.sun.com/bugreport/crash.jsp
#

---------------  T H R E A D  ---------------

Current thread (0x000000005a268000):  JavaThread "Main message loop" daemon [_thread_in_vm, id=10548, stack(0x000000010c000000,0x0000000110000000)]

siginfo: ExceptionCode=0xc0000005, reading address 0x0000000000000001

Registers:
RAX=0x000000005a268000, RBX=0x000000005a268000, RCX=0x000000000000002f, RDX=0x000000010ffec4e0
RSP=0x000000010ffec490, RBP=0x000000010ffec520, RSI=0x00000000e3e2f040, RDI=0x0000000000000001
R8 =0x0000000000000001, R9 =0x00000000e827f508, R10=0x000000002a3b8b5b, R11=0x000000005a268000
R12=0x0000000000000000, R13=0x000000010ffec540, R14=0x000000010ffec5c8, R15=0x000000005a268000
RIP=0x0000000018414a14, EFLAGS=0x0000000000010202

Top of Stack: (sp=0x000000010ffec490)
0x000000010ffec490:   0000000075a6b3a8 0000000075a6b350
0x000000010ffec4a0:   0000000075a6b3a8 00000000182e00bf
0x000000010ffec4b0:   0000000000000001 000000002a3b8bd5
0x000000010ffec4c0:   0000edf4298b47a6 00000000e00d1948
0x000000010ffec4d0:   000000010ffec520 00000000e3e2f040
0x000000010ffec4e0:   00000000e82138c0 0000000029a880f0
0x000000010ffec4f0:   00000000000000b9 00000000e3e27b00
0x000000010ffec500:   0000000018784f78 0000000029a8c250
0x000000010ffec510:   0000000000000004 000000000000000b
0x000000010ffec520:   000000010ffec598 000000002a266315
0x000000010ffec530:   0000000075a6b350 000000002a266315
0x000000010ffec540:   0000000000000001 0000000000000000
0x000000010ffec550:   00000000e82138c0 000000010ffec558
0x000000010ffec560:   00000000e025a93a 000000010ffec5c8
0x000000010ffec570:   00000000e025d950 00000000e407a5c0
0x000000010ffec580:   00000000e025a958 000000010ffec540 

Instructions: (pc=0x0000000018414a14)
0x00000000184149f4:   0d df 31 4d 00 ff 15 a9 d9 35 00 4c 8b d8 c6 80
0x0000000018414a04:   74 02 00 00 01 40 f6 c7 07 75 05 48 8b 3f eb 12
0x0000000018414a14:   8b 07 89 44 24 30 8b 47 04 89 44 24 34 48 8b 7c
0x0000000018414a24:   24 30 41 c6 83 74 02 00 00 00 48 8b 73 48 48 8b 


Register to memory mapping:

RAX=0x000000005a268000 is a thread
RBX=0x000000005a268000 is a thread
RCX=0x000000000000002f is an unknown value
RDX=0x000000010ffec4e0 is pointing into the stack for thread: 0x000000005a268000
RSP=0x000000010ffec490 is pointing into the stack for thread: 0x000000005a268000
RBP=0x000000010ffec520 is pointing into the stack for thread: 0x000000005a268000
RSI=0x00000000e3e2f040 is an oop
{instance class} 
 - klass: {other class}
RDI=0x0000000000000001 is an unknown value
R8 =0x0000000000000001 is an unknown value
R9 =0x00000000e827f508 is an oop
java.lang.Class 
 - klass: 'java/lang/Class'
R10=0x000000002a3b8990 [CodeBlob (0x000000002a3b8990)]
Framesize: 14
R11=0x000000005a268000 is a thread
R12=0x0000000000000000 is an unknown value
R13=0x000000010ffec540 is pointing into the stack for thread: 0x000000005a268000
R14=0x000000010ffec5c8 is pointing into the stack for thread: 0x000000005a268000
R15=0x000000005a268000 is a thread


Stack: [0x000000010c000000,0x0000000110000000],  sp=0x000000010ffec490,  free space=65457k
Native frames: (J=compiled Java code, j=interpreted, Vv=VM code, C=native code)
C  0x0000000018414a14
j  java.nio.DirectByteBuffer.getLong(J)J+10
j  java.nio.DirectByteBuffer.getLong(I)J+12
j  com.jniwrapper.g.readPointer(I)J+14
j  com.jniwrapper.win32.automation.types.SafeArray.getHandle()J+8
j  com.jniwrapper.win32.automation.types.SafeArray.acceptIOPerformer(Lcom/jniwrapper/IOPerformer;Lcom/jniwrapper/DataBuffer;IZZ)V+18
J  com.jniwrapper.Pointer.readReferencedObject(Z)V
j  com.jniwrapper.win32.automation.types.Variant.b(Lcom/jniwrapper/DataBuffer;IZILcom/jniwrapper/Parameter;)V+61
j  com.jniwrapper.win32.automation.types.Variant.read(Lcom/jniwrapper/DataBuffer;IZ)V+35
j  com.jniwrapper.win32.automation.types.Variant.acceptIOPerformer(Lcom/jniwrapper/IOPerformer;Lcom/jniwrapper/DataBuffer;IZZ)V+21
J  com.jniwrapper.Pointer.readReferencedObject(Z)V

Java frames: (J=compiled Java code, j=interpreted, Vv=VM code)
J  sun.misc.Unsafe.getLong(J)J
j  java.nio.DirectByteBuffer.getLong(J)J+10
j  java.nio.DirectByteBuffer.getLong(I)J+12
j  com.jniwrapper.g.readPointer(I)J+14
j  com.jniwrapper.win32.automation.types.SafeArray.getHandle()J+8
j  com.jniwrapper.win32.automation.types.SafeArray.acceptIOPerformer(Lcom/jniwrapper/IOPerformer;Lcom/jniwrapper/DataBuffer;IZZ)V+18
J  com.jniwrapper.Pointer.readReferencedObject(Z)V
j  com.jniwrapper.Pointer.read(Lcom/jniwrapper/DataBuffer;IZ)V+23
j  com.jniwrapper.win32.automation.types.Variant.b(Lcom/jniwrapper/DataBuffer;IZILcom/jniwrapper/Parameter;)V+61
j  com.jniwrapper.win32.automation.types.Variant.read(Lcom/jniwrapper/DataBuffer;IZ)V+35
j  com.jniwrapper.win32.automation.types.Variant.acceptIOPerformer(Lcom/jniwrapper/IOPerformer;Lcom/jniwrapper/DataBuffer;IZZ)V+21
J  com.jniwrapper.Pointer.readReferencedObject(Z)V
j  com.jniwrapper.Pointer.read(Lcom/jniwrapper/DataBuffer;IZ)V+23
J  com.jniwrapper.Pointer.pop(Lcom/jniwrapper/DataBuffer;IZ)V
J  com.jniwrapper.Parameter.b(Lcom/jniwrapper/DataBuffer;IZ)V
j  com.jniwrapper.Callback.a([Lcom/jniwrapper/Parameter;Lcom/jniwrapper/DataBuffer;)V+21
j  com.jniwrapper.Callback.enterPoint(JI)J+58
v  ~StubRoutines::call_stub
J  com.jniwrapper.Function.invokeCFunc(JJB[BII[II)I
J  com.jniwrapper.FunctionCall.a(ZJJJIBLcom/jniwrapper/Parameter;[Lcom/jniwrapper/Parameter;)J
J  com.jniwrapper.win32.MessageLoopThread$LoopThread.run()V
v  ~StubRoutines::call_stub

---------------  P R O C E S S  ---------------

Java Threads: ( => current thread )
  0x00000000c4357800 JavaThread "Code Analyzer updating thread" [_thread_blocked, id=10420, stack(0x0000000158030000,0x000000015c030000)]
  0x00000000c4358800 JavaThread "Code Analyzer updating thread" [_thread_blocked, id=9536, stack(0x0000000134000000,0x0000000138000000)]
  0x00000000c4354000 JavaThread "Code Analyzer updating thread" [_thread_blocked, id=4320, stack(0x0000000118000000,0x000000011c000000)]
  0x00000000c4353000 JavaThread "Code Analyzer updating thread" [_thread_blocked, id=9116, stack(0x0000000114000000,0x0000000118000000)]
  0x000000005a26e000 JavaThread "Swing-Shell" daemon [_thread_blocked, id=3620, stack(0x0000000138000000,0x000000013c000000)]
  0x000000005a266000 JavaThread "Browser Events Thread" daemon [_thread_blocked, id=10760, stack(0x0000000104000000,0x0000000108000000)]
  0x000000005a269000 JavaThread "Timer-2" daemon [_thread_blocked, id=10312, stack(0x0000000110000000,0x0000000114000000)]
=>0x000000005a268000 JavaThread "Main message loop" daemon [_thread_in_vm, id=10548, stack(0x000000010c000000,0x0000000110000000)]
  0x000000005a267800 JavaThread "com.jniwrapper.NativeResourceCollector" daemon [_thread_blocked, id=8428, stack(0x0000000108000000,0x000000010c000000)]
  0x000000005a261800 JavaThread "pool-7-thread-1" [_thread_blocked, id=7640, stack(0x0000000100000000,0x0000000104000000)]
  0x0000000059119800 JavaThread "RecordlistTable Timer" daemon [_thread_blocked, id=7896, stack(0x00000000dc000000,0x00000000e0000000)]
  0x000000005a264800 JavaThread "Prefs Updater" daemon [_thread_blocked, id=9876, stack(0x00000000b8000000,0x00000000bc000000)]
  0x0000000059118000 JavaThread "Foxtrot Single Worker Thread #1" daemon [_thread_blocked, id=9964, stack(0x00000000c4fd0000,0x00000000c8fd0000)]
  0x0000000059120800 JavaThread "Code Analyzer updating thread" [_thread_blocked, id=11104, stack(0x0000000014280000,0x0000000018280000)]
  0x000000005911f800 JavaThread "Code Analyzer updating thread" [_thread_blocked, id=8816, stack(0x0000000010280000,0x0000000014280000)]
  0x000000005911e000 JavaThread "Active Reference Queue Daemon" daemon [_thread_blocked, id=10928, stack(0x00000000d8000000,0x00000000dc000000)]
  0x000000005911c800 JavaThread "Timer-1" daemon [_thread_blocked, id=8844, stack(0x00000000d4000000,0x00000000d8000000)]
  0x000000005911b000 JavaThread "ClipboardMonitor Timer" daemon [_thread_blocked, id=10688, stack(0x00000000d0000000,0x00000000d4000000)]
  0x0000000059119000 JavaThread "Explorer NavigationContext request queue" daemon [_thread_blocked, id=10852, stack(0x00000000cc000000,0x00000000d0000000)]
  0x0000000059116800 JavaThread "AddressBar directory emptiness poller" daemon [_thread_blocked, id=11204, stack(0x00000000c0000000,0x00000000c4000000)]
  0x0000000059116000 JavaThread "Explorer Refresh Service 1555344813" daemon [_thread_blocked, id=11024, stack(0x00000000bc000000,0x00000000c0000000)]
  0x0000000059114800 JavaThread "Thread-4" daemon [_thread_blocked, id=1896, stack(0x00000000b4000000,0x00000000b8000000)]
  0x000000005a265000 JavaThread "TimerQueue" daemon [_thread_blocked, id=4256, stack(0x00000000b0000000,0x00000000b4000000)]
  0x0000000059113000 JavaThread "Thread-3" daemon [_thread_blocked, id=9584, stack(0x00000000a0000000,0x00000000a4000000)]
  0x0000000059112000 JavaThread "AWT-EventQueue-0" [_thread_blocked, id=11236, stack(0x000000009c000000,0x00000000a0000000)]
  0x0000000059111800 JavaThread "AWT-Shutdown" [_thread_blocked, id=9372, stack(0x000000008c000000,0x0000000090000000)]
  0x00000000591f4000 JavaThread "FelixPackageAdmin" daemon [_thread_blocked, id=10408, stack(0x00000000ac000000,0x00000000b0000000)]
  0x000000005918e800 JavaThread "FelixStartLevel" daemon [_thread_blocked, id=11044, stack(0x00000000a8000000,0x00000000ac000000)]
  0x0000000059110800 JavaThread "FelixDispatchQueue" daemon [_thread_blocked, id=8904, stack(0x00000000a4000000,0x00000000a8000000)]
  0x00000000589d7000 JavaThread "com.google.common.base.internal.Finalizer" daemon [_thread_blocked, id=10016, stack(0x0000000098000000,0x000000009c000000)]
  0x00000000588be000 JavaThread "AWT-Windows" daemon [_thread_in_native, id=9712, stack(0x0000000090000000,0x0000000094000000)]
  0x0000000058715000 JavaThread "Java2D Disposer" daemon [_thread_blocked, id=3992, stack(0x0000000088000000,0x000000008c000000)]
  0x0000000058601000 JavaThread "Timer-0" [_thread_blocked, id=10672, stack(0x0000000084000000,0x0000000088000000)]
  0x00000000584dc800 JavaThread "EventMgr Dispatcher" daemon [_thread_in_native, id=4696, stack(0x0000000080000000,0x0000000084000000)]
  0x0000000029ce6000 JavaThread "Service Thread" daemon [_thread_blocked, id=9092, stack(0x0000000071340000,0x0000000075340000)]
  0x0000000029ce3000 JavaThread "C2 CompilerThread1" daemon [_thread_blocked, id=8700, stack(0x0000000062450000,0x0000000066450000)]
  0x0000000029cb9800 JavaThread "C2 CompilerThread0" daemon [_thread_blocked, id=8000, stack(0x000000005c270000,0x0000000060270000)]
  0x0000000029cb9000 JavaThread "Attach Listener" daemon [_thread_blocked, id=9904, stack(0x00000000543d0000,0x00000000583d0000)]
  0x0000000029c42800 JavaThread "Finalizer" daemon [_thread_blocked, id=7156, stack(0x00000000503d0000,0x00000000543d0000)]
  0x0000000029c38800 JavaThread "Reference Handler" daemon [_thread_blocked, id=11092, stack(0x000000004bdc0000,0x000000004fdc0000)]
  0x000000000ef91000 JavaThread "main" [_thread_in_native, id=10556, stack(0x0000000000030000,0x0000000004030000)]

Other Threads:
  0x0000000029c33800 VMThread [stack: 0x0000000047dc0000,0x000000004bdc0000] [id=2188]
  0x0000000029d13000 WatcherThread [stack: 0x0000000079580000,0x000000007d580000] [id=9456]

VM state:not at safepoint (normal execution)

VM Mutex/Monitor currently owned by a thread: None

Heap
 PSYoungGen      total 35648K, used 18110K [0x00000000fa000000, 0x00000000fce00000, 0x0000000100000000)
  eden space 27520K, 41% used [0x00000000fa000000,0x00000000fab0d580,0x00000000fbae0000)
  from space 8128K, 83% used [0x00000000fbae0000,0x00000000fc182550,0x00000000fc2d0000)
  to   space 8576K, 0% used [0x00000000fc5a0000,0x00000000fc5a0000,0x00000000fce00000)
 ParOldGen       total 102208K, used 59747K [0x00000000e8000000, 0x00000000ee3d0000, 0x00000000fa000000)
  object space 102208K, 58% used [0x00000000e8000000,0x00000000eba58d50,0x00000000ee3d0000)
 PSPermGen       total 103296K, used 70161K [0x00000000e0000000, 0x00000000e64e0000, 0x00000000e8000000)
  object space 103296K, 67% used [0x00000000e0000000,0x00000000e4484568,0x00000000e64e0000)

Card table byte_map: [0x000000002d260000,0x000000002d370000] byte_map_base: 0x000000002cb60000

Polling page: 0x000000000a580000

Code Cache  [0x000000002a260000, 0x000000002ac10000, 0x000000002d260000)
 total_blobs=3556 nmethods=2853 adapters=650 free_code_cache=39442Kb largest_free_block=40189248

Compilation events (10 events):
Event: 5726.217 Thread 0x0000000029cb9800 nmethod 3082 0x000000002abd8910 code [0x000000002abd8a40, 0x000000002abd8b18]
Event: 5726.248 Thread 0x0000000029ce3000 nmethod 3081 0x000000002abd0810 code [0x000000002abd0a40, 0x000000002abd1f40]
Event: 5726.611 Thread 0x0000000029cb9800 3083  s          com.icl.saxon.om.NamePool::allocate (267 bytes)
Event: 5726.612 Thread 0x0000000029ce3000 3084             org.apache.xerces.impl.io.Latin1Reader::read (67 bytes)
Event: 5726.618 Thread 0x0000000029ce3000 nmethod 3084 0x000000002abd3b90 code [0x000000002abd3ce0, 0x000000002abd3f48]
Event: 5726.637 Thread 0x0000000029cb9800 nmethod 3083 0x000000002abd9290 code [0x000000002abd9420, 0x000000002abda238]
Event: 5726.709 Thread 0x0000000029ce3000 3085             java.lang.Class::getMethod0 (97 bytes)
Event: 5726.769 Thread 0x0000000029ce3000 nmethod 3085 0x000000002abc8f90 code [0x000000002abc93a0, 0x000000002abcae38]
Event: 5726.895 Thread 0x0000000029cb9800 3086             com.jniwrapper.v::getHandle (8 bytes)
Event: 5726.896 Thread 0x0000000029cb9800 nmethod 3086 0x000000002abd7c50 code [0x000000002abd7d80, 0x000000002abd7dd8]

GC Heap History (10 events):
Event: 5696.607 GC heap before
{Heap before GC invocations=352 (full 3):
 PSYoungGen      total 32704K, used 31590K [0x00000000fa000000, 0x00000000fc770000, 0x0000000100000000)
  eden space 26112K, 100% used [0x00000000fa000000,0x00000000fb980000,0x00000000fb980000)
  from space 6592K, 83% used [0x00000000fc050000,0x00000000fc5a98c0,0x00000000fc6c0000)
  to   space 6976K, 0% used [0x00000000fb980000,0x00000000fb980000,0x00000000fc050000)
 ParOldGen       total 102208K, used 58459K [0x00000000e8000000, 0x00000000ee3d0000, 0x00000000fa000000)
  object space 102208K, 57% used [0x00000000e8000000,0x00000000eb916d40,0x00000000ee3d0000)
 PSPermGen       total 103296K, used 68790K [0x00000000e0000000, 0x00000000e64e0000, 0x00000000e8000000)
  object space 103296K, 66% used [0x00000000e0000000,0x00000000e432dab0,0x00000000e64e0000)
Event: 5696.617 GC heap after
Heap after GC invocations=352 (full 3):
 PSYoungGen      total 33088K, used 5584K [0x00000000fa000000, 0x00000000fc820000, 0x0000000100000000)
  eden space 26112K, 0% used [0x00000000fa000000,0x00000000fa000000,0x00000000fb980000)
  from space 6976K, 80% used [0x00000000fb980000,0x00000000fbef4390,0x00000000fc050000)
  to   space 7296K, 0% used [0x00000000fc100000,0x00000000fc100000,0x00000000fc820000)
 ParOldGen       total 102208K, used 58459K [0x00000000e8000000, 0x00000000ee3d0000, 0x00000000fa000000)
  object space 102208K, 57% used [0x00000000e8000000,0x00000000eb916d40,0x00000000ee3d0000)
 PSPermGen       total 103296K, used 68790K [0x00000000e0000000, 0x00000000e64e0000, 0x00000000e8000000)
  object space 103296K, 66% used [0x00000000e0000000,0x00000000e432dab0,0x00000000e64e0000)
}
Event: 5696.842 GC heap before
{Heap before GC invocations=353 (full 3):
 PSYoungGen      total 33088K, used 31696K [0x00000000fa000000, 0x00000000fc820000, 0x0000000100000000)
  eden space 26112K, 100% used [0x00000000fa000000,0x00000000fb980000,0x00000000fb980000)
  from space 6976K, 80% used [0x00000000fb980000,0x00000000fbef4390,0x00000000fc050000)
  to   space 7296K, 0% used [0x00000000fc100000,0x00000000fc100000,0x00000000fc820000)
 ParOldGen       total 102208K, used 58459K [0x00000000e8000000, 0x00000000ee3d0000, 0x00000000fa000000)
  object space 102208K, 57% used [0x00000000e8000000,0x00000000eb916d40,0x00000000ee3d0000)
 PSPermGen       total 103296K, used 68794K [0x00000000e0000000, 0x00000000e64e0000, 0x00000000e8000000)
  object space 103296K, 66% used [0x00000000e0000000,0x00000000e432e800,0x00000000e64e0000)
Event: 5696.851 GC heap after
Heap after GC invocations=353 (full 3):
 PSYoungGen      total 33472K, used 5855K [0x00000000fa000000, 0x00000000fca70000, 0x0000000100000000)
  eden space 26176K, 0% used [0x00000000fa000000,0x00000000fa000000,0x00000000fb990000)
  from space 7296K, 80% used [0x00000000fc100000,0x00000000fc6b7d88,0x00000000fc820000)
  to   space 7616K, 0% used [0x00000000fb990000,0x00000000fb990000,0x00000000fc100000)
 ParOldGen       total 102208K, used 58483K [0x00000000e8000000, 0x00000000ee3d0000, 0x00000000fa000000)
  object space 102208K, 57% used [0x00000000e8000000,0x00000000eb91cd40,0x00000000ee3d0000)
 PSPermGen       total 103296K, used 68794K [0x00000000e0000000, 0x00000000e64e0000, 0x00000000e8000000)
  object space 103296K, 66% used [0x00000000e0000000,0x00000000e432e800,0x00000000e64e0000)
}
Event: 5718.789 GC heap before
{Heap before GC invocations=354 (full 3):
 PSYoungGen      total 33472K, used 32031K [0x00000000fa000000, 0x00000000fca70000, 0x0000000100000000)
  eden space 26176K, 100% used [0x00000000fa000000,0x00000000fb990000,0x00000000fb990000)
  from space 7296K, 80% used [0x00000000fc100000,0x00000000fc6b7d88,0x00000000fc820000)
  to   space 7616K, 0% used [0x00000000fb990000,0x00000000fb990000,0x00000000fc100000)
 ParOldGen       total 102208K, used 58483K [0x00000000e8000000, 0x00000000ee3d0000, 0x00000000fa000000)
  object space 102208K, 57% used [0x00000000e8000000,0x00000000eb91cd40,0x00000000ee3d0000)
 PSPermGen       total 103296K, used 68794K [0x00000000e0000000, 0x00000000e64e0000, 0x00000000e8000000)
  object space 103296K, 66% used [0x00000000e0000000,0x00000000e432eb18,0x00000000e64e0000)
Event: 5718.799 GC heap after
Heap after GC invocations=354 (full 3):
 PSYoungGen      total 33792K, used 5429K [0x00000000fa000000, 0x00000000fca50000, 0x0000000100000000)
  eden space 26176K, 0% used [0x00000000fa000000,0x00000000fa000000,0x00000000fb990000)
  from space 7616K, 71% used [0x00000000fb990000,0x00000000fbedd4f8,0x00000000fc100000)
  to   space 7680K, 0% used [0x00000000fc2d0000,0x00000000fc2d0000,0x00000000fca50000)
 ParOldGen       total 102208K, used 58763K [0x00000000e8000000, 0x00000000ee3d0000, 0x00000000fa000000)
  object space 102208K, 57% used [0x00000000e8000000,0x00000000eb962d40,0x00000000ee3d0000)
 PSPermGen       total 103296K, used 68794K [0x00000000e0000000, 0x00000000e64e0000, 0x00000000e8000000)
  object space 103296K, 66% used [0x00000000e0000000,0x00000000e432eb18,0x00000000e64e0000)
}
Event: 5726.363 GC heap before
{Heap before GC invocations=355 (full 3):
 PSYoungGen      total 33792K, used 31605K [0x00000000fa000000, 0x00000000fca50000, 0x0000000100000000)
  eden space 26176K, 100% used [0x00000000fa000000,0x00000000fb990000,0x00000000fb990000)
  from space 7616K, 71% used [0x00000000fb990000,0x00000000fbedd4f8,0x00000000fc100000)
  to   space 7680K, 0% used [0x00000000fc2d0000,0x00000000fc2d0000,0x00000000fca50000)
 ParOldGen       total 102208K, used 58763K [0x00000000e8000000, 0x00000000ee3d0000, 0x00000000fa000000)
  object space 102208K, 57% used [0x00000000e8000000,0x00000000eb962d40,0x00000000ee3d0000)
 PSPermGen       total 103296K, used 68907K [0x00000000e0000000, 0x00000000e64e0000, 0x00000000e8000000)
  object space 103296K, 66% used [0x00000000e0000000,0x00000000e434af38,0x00000000e64e0000)
Event: 5726.376 GC heap after
Heap after GC invocations=355 (full 3):
 PSYoungGen      total 35200K, used 6393K [0x00000000fa000000, 0x00000000fcaf0000, 0x0000000100000000)
  eden space 27520K, 0% used [0x00000000fa000000,0x00000000fa000000,0x00000000fbae0000)
  from space 7680K, 83% used [0x00000000fc2d0000,0x00000000fc90e648,0x00000000fca50000)
  to   space 8128K, 0% used [0x00000000fbae0000,0x00000000fbae0000,0x00000000fc2d0000)
 ParOldGen       total 102208K, used 59643K [0x00000000e8000000, 0x00000000ee3d0000, 0x00000000fa000000)
  object space 102208K, 58% used [0x00000000e8000000,0x00000000eba3ed50,0x00000000ee3d0000)
 PSPermGen       total 103296K, used 68907K [0x00000000e0000000, 0x00000000e64e0000, 0x00000000e8000000)
  object space 103296K, 66% used [0x00000000e0000000,0x00000000e434af38,0x00000000e64e0000)
}
Event: 5726.686 GC heap before
{Heap before GC invocations=356 (full 3):
 PSYoungGen      total 35200K, used 33913K [0x00000000fa000000, 0x00000000fcaf0000, 0x0000000100000000)
  eden space 27520K, 100% used [0x00000000fa000000,0x00000000fbae0000,0x00000000fbae0000)
  from space 7680K, 83% used [0x00000000fc2d0000,0x00000000fc90e648,0x00000000fca50000)
  to   space 8128K, 0% used [0x00000000fbae0000,0x00000000fbae0000,0x00000000fc2d0000)
 ParOldGen       total 102208K, used 59643K [0x00000000e8000000, 0x00000000ee3d0000, 0x00000000fa000000)
  object space 102208K, 58% used [0x00000000e8000000,0x00000000eba3ed50,0x00000000ee3d0000)
 PSPermGen       total 103296K, used 70140K [0x00000000e0000000, 0x00000000e64e0000, 0x00000000e8000000)
  object space 103296K, 67% used [0x00000000e0000000,0x00000000e447f2e0,0x00000000e64e0000)
Event: 5726.696 GC heap after
Heap after GC invocations=356 (full 3):
 PSYoungGen      total 35648K, used 6793K [0x00000000fa000000, 0x00000000fce00000, 0x0000000100000000)
  eden space 27520K, 0% used [0x00000000fa000000,0x00000000fa000000,0x00000000fbae0000)
  from space 8128K, 83% used [0x00000000fbae0000,0x00000000fc182550,0x00000000fc2d0000)
  to   space 8576K, 0% used [0x00000000fc5a0000,0x00000000fc5a0000,0x00000000fce00000)
 ParOldGen       total 102208K, used 59747K [0x00000000e8000000, 0x00000000ee3d0000, 0x00000000fa000000)
  object space 102208K, 58% used [0x00000000e8000000,0x00000000eba58d50,0x00000000ee3d0000)
 PSPermGen       total 103296K, used 70140K [0x00000000e0000000, 0x00000000e64e0000, 0x00000000e8000000)
  object space 103296K, 67% used [0x00000000e0000000,0x00000000e447f2e0,0x00000000e64e0000)
}

Deoptimization events (10 events):
Event: 5726.666 Thread 0x000000000ef91000 Uncommon trap -34 fr.pc 0x000000002a68ab6c
Event: 5726.666 Thread 0x000000000ef91000 Uncommon trap -34 fr.pc 0x000000002a68ab6c
Event: 5726.666 Thread 0x000000000ef91000 Uncommon trap -34 fr.pc 0x000000002a68ab6c
Event: 5726.674 Thread 0x000000000ef91000 Uncommon trap -34 fr.pc 0x000000002a6ff088
Event: 5726.674 Thread 0x000000000ef91000 Uncommon trap -34 fr.pc 0x000000002a6ff088
Event: 5726.674 Thread 0x000000000ef91000 Uncommon trap -34 fr.pc 0x000000002a6ff088
Event: 5726.674 Thread 0x000000000ef91000 Uncommon trap -34 fr.pc 0x000000002a6ff088
Event: 5726.720 Thread 0x000000005a268000 Uncommon trap -83 fr.pc 0x000000002a45a2c4
Event: 5726.721 Thread 0x000000005a268000 Uncommon trap -34 fr.pc 0x000000002a8693c4
Event: 5726.952 Thread 0x000000005a268000 Uncommon trap -58 fr.pc 0x000000002a78aae0

Internal exceptions (10 events):
Event: 5726.889 Thread 0x000000005a268000 Threw 0x00000000fa88d1f8 at C:\jdk7u1_64p\jdk7u11\hotspot\src\share\vm\runtime\reflection.cpp:1039
Event: 5726.892 Thread 0x000000005a268000 Threw 0x00000000fa8c6fb0 at C:\jdk7u1_64p\jdk7u11\hotspot\src\share\vm\runtime\reflection.cpp:1039
Event: 5726.895 Thread 0x000000005a268000 Threw 0x00000000fa90af98 at C:\jdk7u1_64p\jdk7u11\hotspot\src\share\vm\runtime\reflection.cpp:1039
Event: 5726.896 Thread 0x000000005a268000 Threw 0x00000000fa90cc78 at C:\jdk7u1_64p\jdk7u11\hotspot\src\share\vm\runtime\reflection.cpp:1039
Event: 5726.896 Thread 0x000000005a268000 Threw 0x00000000fa90e7a8 at C:\jdk7u1_64p\jdk7u11\hotspot\src\share\vm\runtime\reflection.cpp:1039
Event: 5726.898 Thread 0x000000005a268000 Threw 0x00000000fa927d20 at C:\jdk7u1_64p\jdk7u11\hotspot\src\share\vm\runtime\reflection.cpp:1039
Event: 5726.912 Thread 0x000000005a268000 Threw 0x00000000faa63dd0 at C:\jdk7u1_64p\jdk7u11\hotspot\src\share\vm\runtime\reflection.cpp:1039
Event: 5726.912 Thread 0x000000005a268000 Threw 0x00000000faa783e0 at C:\jdk7u1_64p\jdk7u11\hotspot\src\share\vm\runtime\reflection.cpp:1039
Event: 5726.913 Thread 0x000000005a268000 Threw 0x00000000faa79ef8 at C:\jdk7u1_64p\jdk7u11\hotspot\src\share\vm\runtime\reflection.cpp:1039
Event: 5726.950 Thread 0x000000005a268000 Threw 0x00000000faaa2440 at C:\jdk7u1_64p\jdk7u11\hotspot\src\share\vm\prims\jvm.cpp:1166

Events (10 events):
Event: 5726.720 Executing VM operation: RevokeBias done
Event: 5726.720 Thread 0x000000005a268000 DEOPT PACKING pc=0x000000002a45a2c4 sp=0x000000010ffe5c20
Event: 5726.720 Thread 0x000000005a268000 DEOPT UNPACKING pc=0x000000002a299164 sp=0x000000010ffe5bf0 mode 2
Event: 5726.721 Thread 0x000000005a268000 DEOPT PACKING pc=0x000000002a8693c4 sp=0x000000010ffe6170
Event: 5726.721 Thread 0x000000005a268000 DEOPT UNPACKING pc=0x000000002a299164 sp=0x000000010ffe6110 mode 2
Event: 5726.813 Thread 0x00000000c435a800 Thread exited: 0x00000000c435a800
Event: 5726.950 loading class 0x0000000077ee6e90
Event: 5726.950 loading class 0x0000000077ee6e90 done
Event: 5726.952 Thread 0x000000005a268000 DEOPT PACKING pc=0x000000002a78aae0 sp=0x000000010ffec380
Event: 5726.952 Thread 0x000000005a268000 DEOPT UNPACKING pc=0x000000002a299164 sp=0x000000010ffec2f8 mode 2


Dynamic libraries:
0x0000000140000000 - 0x0000000140029000 	C:\Program Files\MATLAB\R2013b\bin\win64\MATLAB.exe
0x0000000076e20000 - 0x0000000076fca000 	C:\Windows\SYSTEM32\ntdll.dll
0x0000000076ac0000 - 0x0000000076bdf000 	C:\Windows\system32\kernel32.dll
0x000007fefcb70000 - 0x000007fefcbdb000 	C:\Windows\system32\KERNELBASE.dll
0x000000006f060000 - 0x000000006f3dc000 	C:\Program Files\MATLAB\R2013b\bin\win64\libmwservices.dll
0x000000006fe80000 - 0x000000006ff56000 	C:\Program Files\MATLAB\R2013b\bin\win64\libmwi18n.dll
0x000000006fe70000 - 0x000000006fe7d000 	C:\Program Files\MATLAB\R2013b\bin\win64\libmwresource_core.dll
0x0000000071290000 - 0x0000000071328000 	C:\Program Files\MATLAB\R2013b\bin\win64\MSVCP100.dll
0x0000000071110000 - 0x00000000711e2000 	C:\Program Files\MATLAB\R2013b\bin\win64\MSVCR100.dll
0x0000000071330000 - 0x000000007133e000 	C:\Program Files\MATLAB\R2013b\bin\win64\boost_date_time-vc100-mt-1_49.dll
0x0000000071260000 - 0x000000007128c000 	C:\Program Files\MATLAB\R2013b\bin\win64\boost_filesystem-vc100-mt-1_49.dll
0x0000000071250000 - 0x0000000071259000 	C:\Program Files\MATLAB\R2013b\bin\win64\boost_system-vc100-mt-1_49.dll
0x000007fefd900000 - 0x000007fefd9db000 	C:\Windows\system32\ADVAPI32.dll
0x000007fefda10000 - 0x000007fefdaaf000 	C:\Windows\system32\msvcrt.dll
0x000007fefd9e0000 - 0x000007fefd9ff000 	C:\Windows\SYSTEM32\sechost.dll
0x000007fefd0e0000 - 0x000007fefd20d000 	C:\Windows\system32\RPCRT4.dll
0x0000000071210000 - 0x0000000071235000 	C:\Program Files\MATLAB\R2013b\bin\win64\LIBEXPAT.dll
0x0000000050240000 - 0x00000000503ca000 	C:\Program Files\MATLAB\R2013b\bin\win64\icuin49.dll
0x0000000050100000 - 0x000000005023e000 	C:\Program Files\MATLAB\R2013b\bin\win64\icuuc49.dll
0x000000000f150000 - 0x0000000010272000 	C:\Program Files\MATLAB\R2013b\bin\win64\icudt49.dll
0x0000000071200000 - 0x0000000071210000 	C:\Program Files\MATLAB\R2013b\bin\win64\icuio49.dll
0x00000000043e0000 - 0x000000000449b000 	C:\Program Files\MATLAB\R2013b\bin\win64\libut.dll
0x000000006f960000 - 0x000000006fb07000 	C:\Program Files\MATLAB\R2013b\bin\win64\libmwfl.dll
0x00000000044a0000 - 0x00000000048af000 	C:\Program Files\MATLAB\R2013b\bin\win64\libmwMATLAB_res.dll
0x0000000050020000 - 0x00000000500ff000 	C:\Program Files\MATLAB\R2013b\bin\win64\boost_regex-vc100-mt-1_49.dll
0x0000000076be0000 - 0x0000000076cda000 	C:\Windows\system32\USER32.dll
0x000007fefd210000 - 0x000007fefd277000 	C:\Windows\system32\GDI32.dll
0x000007fefd760000 - 0x000007fefd76e000 	C:\Windows\system32\LPK.dll
0x000007fefcdd0000 - 0x000007fefce9a000 	C:\Windows\system32\USP10.dll
0x00000000710f0000 - 0x0000000071101000 	C:\Program Files\MATLAB\R2013b\bin\win64\boost_signals-vc100-mt-1_49.dll
0x0000000062430000 - 0x0000000062441000 	C:\Program Files\MATLAB\R2013b\bin\win64\boost_thread-vc100-mt-1_49.dll
0x0000000077230000 - 0x00000000772bc000 	C:\Program Files\MATLAB\R2013b\bin\win64\boost_log-vc100-mt-1_49.dll
0x0000000076ff0000 - 0x0000000076ff7000 	C:\Windows\system32\PSAPI.DLL
0x000007fefdd60000 - 0x000007fefddad000 	C:\Windows\system32\WS2_32.dll
0x000007fefda00000 - 0x000007fefda08000 	C:\Windows\system32\NSI.dll
0x000007fee1990000 - 0x000007fee19c3000 	C:\Program Files\MATLAB\R2013b\bin\win64\tbb.dll
0x000007fefd770000 - 0x000007fefd789000 	C:\Windows\system32\imagehlp.dll
0x000007fefcd00000 - 0x000007fefcd2c000 	C:\Windows\system32\POWRPROF.dll
0x000007fefddb0000 - 0x000007fefdf87000 	C:\Windows\system32\SETUPAPI.dll
0x000007fefcc70000 - 0x000007fefcca6000 	C:\Windows\system32\CFGMGR32.dll
0x000007fefd820000 - 0x000007fefd8f8000 	C:\Windows\system32\OLEAUT32.dll
0x000007fefdab0000 - 0x000007fefdcb3000 	C:\Windows\system32\ole32.dll
0x000007fefc990000 - 0x000007fefc9aa000 	C:\Windows\system32\DEVOBJ.dll
0x00000000048b0000 - 0x00000000049ab000 	C:\Program Files\MATLAB\R2013b\bin\win64\libmx.dll
0x000007fef4310000 - 0x000007fef4338000 	C:\Program Files\MATLAB\R2013b\bin\win64\tbbmalloc.dll
0x000000005c250000 - 0x000000005c267000 	C:\Program Files\MATLAB\R2013b\bin\win64\zlib1.dll
0x000000006ef00000 - 0x000000006ef4e000 	C:\Program Files\MATLAB\R2013b\bin\win64\libmwregexp.dll
0x000000006eeb0000 - 0x000000006eef7000 	C:\Program Files\MATLAB\R2013b\bin\win64\mpath.dll
0x00000000049b0000 - 0x0000000004fd8000 	C:\Program Files\MATLAB\R2013b\bin\win64\mlutil.dll
0x000000006e870000 - 0x000000006e8e7000 	C:\Program Files\MATLAB\R2013b\bin\win64\xmlcore.dll
0x000000006e440000 - 0x000000006e681000 	C:\Program Files\MATLAB\R2013b\bin\win64\xerces-c_2_7.dll
0x0000000004110000 - 0x0000000004133000 	C:\Program Files\MATLAB\R2013b\bin\win64\libmwMATLAB_settings_res.dll
0x00000000710e0000 - 0x00000000710f0000 	C:\Program Files\MATLAB\R2013b\bin\win64\boost_iostreams-vc100-mt-1_49.dll
0x00000000771e0000 - 0x0000000077226000 	C:\Program Files\MATLAB\R2013b\bin\win64\boost_serialization-vc100-mt-1_49.dll
0x000007fefe3a0000 - 0x000007feff129000 	C:\Windows\system32\SHELL32.dll
0x000007fefe320000 - 0x000007fefe391000 	C:\Windows\system32\SHLWAPI.dll
0x0000000004140000 - 0x0000000004146000 	C:\Program Files\MATLAB\R2013b\bin\win64\libmwnativedisplay.dll
0x00000000685f0000 - 0x000000006863d000 	C:\Program Files\MATLAB\R2013b\bin\win64\opccore.dll
0x00000000684f0000 - 0x00000000685c6000 	C:\Program Files\MATLAB\R2013b\bin\win64\opcmodel.dll
0x00000000684c0000 - 0x00000000684ed000 	C:\Program Files\MATLAB\R2013b\bin\win64\opczippackage.dll
0x0000000060550000 - 0x000000006055e000 	C:\Program Files\MATLAB\R2013b\bin\win64\libminizip.dll
0x0000000068340000 - 0x00000000683a6000 	C:\Program Files\MATLAB\R2013b\bin\win64\opcmwservices.dll
0x000007fef9630000 - 0x000007fef96d0000 	C:\Windows\WinSxS\amd64_microsoft.windows.common-controls_6595b64144ccf1df_5.82.7601.18837_none_a4d981ff711297b6\COMCTL32.dll
0x000007fefdcc0000 - 0x000007fefdd57000 	C:\Windows\system32\COMDLG32.dll
0x000007fefbd80000 - 0x000007fefbd96000 	C:\Windows\system32\NETAPI32.dll
0x000007fefbd70000 - 0x000007fefbd7c000 	C:\Windows\system32\netutils.dll
0x000007fefc380000 - 0x000007fefc3a3000 	C:\Windows\system32\srvcli.dll
0x000007fefbd50000 - 0x000007fefbd65000 	C:\Windows\system32\wkscli.dll
0x0000000004fe0000 - 0x000000000508d000 	C:\Program Files\MATLAB\R2013b\bin\win64\mcr.dll
0x0000000005090000 - 0x0000000005450000 	C:\Program Files\MATLAB\R2013b\bin\win64\iqm.dll
0x0000000180000000 - 0x00000001800c2000 	C:\Program Files\MATLAB\R2013b\bin\win64\m_dispatcher.dll
0x0000000005450000 - 0x0000000005c4b000 	C:\Program Files\MATLAB\R2013b\bin\win64\m_interpreter.dll
0x000000006d760000 - 0x000000006d784000 	C:\Program Files\MATLAB\R2013b\bin\win64\libmex.dll
0x000000006d6e0000 - 0x000000006d75b000 	C:\Program Files\MATLAB\R2013b\bin\win64\profiler.dll
0x000000006d450000 - 0x000000006d5c8000 	C:\Program Files\MATLAB\R2013b\bin\win64\libmwmathutil.dll
0x000000006d420000 - 0x000000006d447000 	C:\Program Files\MATLAB\R2013b\bin\win64\libmwmathrng.dll
0x000000006d410000 - 0x000000006d420000 	C:\Program Files\MATLAB\R2013b\bin\win64\libmwmfl_rng.dll
0x0000000005c50000 - 0x0000000005d68000 	C:\Program Files\MATLAB\R2013b\bin\win64\libmwmathcore.dll
0x000000006d2b0000 - 0x000000006d313000 	C:\Program Files\MATLAB\R2013b\bin\win64\libmwspmatrix.dll
0x0000000005d70000 - 0x0000000005fd2000 	C:\Program Files\MATLAB\R2013b\bin\win64\mcos.dll
0x000000006cfc0000 - 0x000000006d01c000 	C:\Program Files\MATLAB\R2013b\bin\win64\libmwcholmod.dll
0x000000006cfb0000 - 0x000000006cfbc000 	C:\Program Files\MATLAB\R2013b\bin\win64\libmwamd.dll
0x000000006cfa0000 - 0x000000006cfab000 	C:\Program Files\MATLAB\R2013b\bin\win64\libmwcolamd.dll
0x000000006cf80000 - 0x000000006cf93000 	C:\Program Files\MATLAB\R2013b\bin\win64\libmwblas.dll
0x000000006cf60000 - 0x000000006cf75000 	C:\Program Files\MATLAB\R2013b\bin\win64\libmwbinder.dll
0x000000006cf50000 - 0x000000006cf5b000 	C:\Program Files\MATLAB\R2013b\bin\win64\libmwompwrapper.dll
0x000000006ced0000 - 0x000000006cf4f000 	C:\Program Files\MATLAB\R2013b\bin\win64\libmwlapack.dll
0x000000006ceb0000 - 0x000000006ced0000 	C:\Program Files\MATLAB\R2013b\bin\win64\m_pcodeio.dll
0x000000006ce50000 - 0x000000006ceac000 	C:\Program Files\MATLAB\R2013b\bin\win64\m_ir.dll
0x0000000005fe0000 - 0x0000000006695000 	C:\Program Files\MATLAB\R2013b\bin\win64\m_parser.dll
0x000000006c780000 - 0x000000006c797000 	C:\Program Files\MATLAB\R2013b\bin\win64\ir_xfmr.dll
0x000000006c770000 - 0x000000006c780000 	C:\Program Files\MATLAB\R2013b\bin\win64\mtok.dll
0x000000006c740000 - 0x000000006c768000 	C:\Program Files\MATLAB\R2013b\bin\win64\m_pcodegen.dll
0x000007fee6700000 - 0x000007fee6825000 	C:\Windows\system32\dbghelp.dll
0x000000006c710000 - 0x000000006c73f000 	C:\Program Files\MATLAB\R2013b\bin\win64\libmwbridge.dll
0x000000006c650000 - 0x000000006c706000 	C:\Program Files\MATLAB\R2013b\bin\win64\udd.dll
0x00000000066a0000 - 0x00000000067f1000 	C:\Program Files\MATLAB\R2013b\bin\win64\libmwgui.dll
0x000000006c4d0000 - 0x000000006c4f8000 	C:\Program Files\MATLAB\R2013b\bin\win64\graphics_util.dll
0x000000006c090000 - 0x000000006c148000 	C:\Program Files\MATLAB\R2013b\bin\win64\libtex_base.dll
0x0000000006800000 - 0x0000000007166000 	C:\Program Files\MATLAB\R2013b\bin\win64\hg.dll
0x000000006ba60000 - 0x000000006babd000 	C:\Program Files\MATLAB\R2013b\bin\win64\libmat.dll
0x000000006b850000 - 0x000000006ba58000 	C:\Program Files\MATLAB\R2013b\bin\win64\hdf5dll.dll
0x000000006b780000 - 0x000000006b848000 	C:\Program Files\MATLAB\R2013b\bin\win64\jmi.dll
0x000000006b770000 - 0x000000006b77e000 	C:\Program Files\MATLAB\R2013b\bin\win64\nativejava_services.dll
0x0000000004160000 - 0x00000000041a2000 	C:\Program Files\MATLAB\R2013b\bin\win64\libmwhardcopy.dll
0x000000006b6d0000 - 0x000000006b72e000 	C:\Program Files\MATLAB\R2013b\bin\win64\libuij.dll
0x000000006b490000 - 0x000000006b695000 	C:\Program Files\MATLAB\R2013b\bin\win64\hgdatatypes.dll
0x0000000007170000 - 0x0000000007282000 	C:\Program Files\MATLAB\R2013b\bin\win64\hgutils.dll
0x000000006b2f0000 - 0x000000006b39e000 	C:\Program Files\MATLAB\R2013b\bin\win64\udd_mi.dll
0x000000006b2b0000 - 0x000000006b2e6000 	C:\Program Files\MATLAB\R2013b\bin\win64\libmwgbtutils.dll
0x000000006b290000 - 0x000000006b2a3000 	C:\Program Files\MATLAB\R2013b\bin\win64\libmwgbt.dll
0x000000006afc0000 - 0x000000006b28f000 	C:\Program Files\MATLAB\R2013b\bin\win64\uiw.dll
0x000000006afb0000 - 0x000000006afb9000 	C:\Program Files\MATLAB\R2013b\bin\win64\uinone.dll
0x000000006af80000 - 0x000000006afac000 	C:\Program Files\MATLAB\R2013b\bin\win64\libmwnativedialogs.dll
0x000000006af70000 - 0x000000006af7c000 	C:\Program Files\MATLAB\R2013b\bin\win64\libmwplatform_res.dll
0x000007fef9170000 - 0x000007fef9188000 	C:\Windows\system32\MPR.dll
0x0000000079020000 - 0x000000007957d000 	C:\Program Files\MATLAB\R2013b\bin\win64\mfc100.dll
0x000007fefa480000 - 0x000007fefa487000 	C:\Windows\system32\MSIMG32.dll
0x000007fef98b0000 - 0x000007fef9921000 	C:\Windows\system32\WINSPOOL.DRV
0x000000006af50000 - 0x000000006af6d000 	C:\Program Files\MATLAB\R2013b\bin\win64\mwoles05.DLL
0x000000006aee0000 - 0x000000006af4c000 	C:\Program Files\MATLAB\R2013b\bin\win64\comcli.dll
0x000000005c1f0000 - 0x000000005c21b000 	C:\Program Files\MATLAB\R2013b\bin\win64\ATL100.DLL
0x000000006aed0000 - 0x000000006aedc000 	C:\Program Files\MATLAB\R2013b\bin\win64\mlautoregister.dll
0x00000000072a0000 - 0x000000000740f000 	C:\Program Files\MATLAB\R2013b\bin\win64\mvm.dll
0x000007fefd7f0000 - 0x000007fefd81e000 	C:\Windows\system32\IMM32.DLL
0x000007fefcea0000 - 0x000007fefcfa9000 	C:\Windows\system32\MSCTF.dll
0x000007fefb190000 - 0x000007fefb1e6000 	C:\Windows\system32\UxTheme.dll
0x000007fefccb0000 - 0x000007fefccc8000 	C:\Windows\system32\dwmapi.dll

VM Arguments:
jvm_args: -XX:PermSize=32m -Xms64m -XX:NewRatio=3 -XX:MaxPermSize=128m -Xmx384m -XX:MaxDirectMemorySize=2147400000 -Dsun.java2d.noddraw=true -Dsun.awt.nopixfmt=true -Xshare:off -Xrs -XX:-UseSplitVerifier -Djava.library.path=C:\Program Files\MATLAB\R2013b\bin\win64;C:\Program Files\MATLAB\R2013b\sys\jxbrowser\win64\lib vfprintf abort -Duser.language=zh -Duser.country=CN -XX:ParallelGCThreads=6 
java_command: <unknown>
Launcher Type: generic

Environment Variables:
PATH=D:\app\kingdom\product\11.2.0\dbhome_2\bin;C:\Windows;C:\Windows\system32;C:\Windows\System32\Wbem;C:\Windows\System32\WindowsPowerShell\v1.0\;C:\Program Files\NVIDIA GPU Computing Toolkit\CUDA\v8.0\bin;C:\Program Files\NVIDIA GPU Computing Toolkit\CUDA\v8.0\libnvvp;C:\TDM-GCC-64\bin;C:\Program Files (x86)\Intel\iCLS Client\;C:\Program Files\Intel\iCLS Client\;C:\Program Files\Intel\Intel(R) Management Engine Components\DAL;C:\Program Files (x86)\Intel\Intel(R) Management Engine Components\DAL;C:\Program Files\Intel\Intel(R) Management Engine Components\IPT;C:\Program Files (x86)\Intel\Intel(R) Management Engine Components\IPT;C:\Users\zgj\.dnx\bin;C:\Program Files\Microsoft DNX\Dnvm\;C:\Program Files (x86)\Windows Kits\10\Windows Performance Toolkit\;C:\Program Files (x86)\NVIDIA Corporation\PhysX\Common;C:\Program Files\Microsoft SQL Server\110\Tools\Binn\;C:\Program Files\NVIDIA GPU Computing Toolkit\CUDA\v8.0\bin;C:\Program Files (x86)\Microsoft Visual Studio 13.0\VC\bin;C:\Users\zgj\workspace\caffe\3rdparty\bin\;C:\MinGW\bin;C:\MinGW\msys\1.0\bin;C:\Program Files (x86)\Microsoft SDKs\TypeScript\1.0\;C:\Users\zgj\workspace\caffe\3rdparty\bin;C:\Program Files (x86)\CMake\bin;C:\Program Files\Anaconda3;C:\Program Files\Anaconda3\Scripts;C:\Program Files\Anaconda3\Library\bin;C:\Users\ICMLC-128SERVER-01\Anaconda;C:\Users\ICMLC-128SERVER-01\Anaconda\Scripts;C:\Program Files\Microsoft Windows Performance Toolkit\;OPENCV_DIR\bin;C:\msys64\mingw64\bin;C:\msys64\usr\bin;C:\Program Files (x86)\Gow\bin\;C:\ProgramData\Anaconda3;C:\ProgramData\Anaconda3\Scripts;C:\ProgramData\Anaconda3\Library\bin
USERNAME=kingdom
DISPLAY=:0
OS=Windows_NT
PROCESSOR_IDENTIFIER=Intel64 Family 6 Model 63 Stepping 2, GenuineIntel



---------------  S Y S T E M  ---------------

OS: Windows 7 , 64 bit Build 7601 Service Pack 1

CPU:total 24 (6 cores per cpu, 2 threads per core) family 6 model 63 stepping 2, cmov, cx8, fxsr, mmx, sse, sse2, sse3, ssse3, sse4.1, sse4.2, popcnt, avx, avx2, ht, tsc, tscinvbit

Memory: 4k page, physical 134140184k(79087492k free), swap 252333412k(197010532k free)

vm_info: Java HotSpot(TM) 64-Bit Server VM (23.6-b04) for windows-amd64 JRE (1.7.0_11-b21), built on Jan 12 2013 02:38:42 by "java_re" with unknown MS VC++:1600

time: Sun Jun 25 20:36:53 2017
elapsed time: 5726 seconds

